<?xml version="1.0" encoding="UTF-8"?>
<!-- Generated by org.testng.reporters.JUnitXMLReporter -->
<testsuite ignored="0" hostname="DESKTOP-EJHAJJ4" failures="0" tests="3" name="Test-2" time="40.472" errors="0" timestamp="2025-09-05T15:23:27 IST">
  <testcase classname="com.crm.comcast.crm.basetest.CreateContactTest" name="createContact" time="6.746"/>
  <testcase classname="com.crm.comcast.crm.basetest.CreateContactTest" name="createContactWithOrg" time="10.463"/>
  <testcase classname="com.crm.comcast.crm.basetest.CreateContactTest" name="createContactWithSupportDate" time="4.797"/>
</testsuite> <!-- Test-2 -->
