<?xml version="1.0" encoding="UTF-8"?>
<!-- Generated by org.testng.reporters.JUnitXMLReporter -->
<testsuite ignored="0" hostname="DESKTOP-EJHAJJ4" failures="0" tests="4" name="Test-1" time="45.183" errors="0" timestamp="2025-09-05T15:23:32 IST">
  <testcase classname="com.crm.comcast.crm.basetest.CreateOrganizationTest" name="createOrgWithIndustry" time="7.082"/>
  <testcase classname="com.crm.comcast.crm.basetest.CreateOrganizationTest" name="createOrgWithPhoneNumber" time="5.073"/>
  <testcase classname="com.crm.comcast.crm.basetest.CreateOrganizationTest" name="deleteOrgTest" time="7.121"/>
  <testcase classname="com.crm.comcast.crm.basetest.CreateOrganizationTest" name="orgPage" time="4.611"/>
</testsuite> <!-- Test-1 -->
