<?xml version="1.0" encoding="UTF-8"?>
<!-- Generated by org.testng.reporters.JUnitReportReporter -->
<testsuite hostname="DESKTOP-EJHAJJ4" failures="0" tests="1" name="com.crm.comcast.crm.basetest.CreateContactTest" time="59.582" errors="0" timestamp="2025-09-22T16:32:59 IST" skipped="0">
  <testcase classname="com.crm.comcast.crm.basetest.CreateContactTest" name="createContact" time="59.582"/>
</testsuite> <!-- com.crm.comcast.crm.basetest.CreateContactTest -->
