<?xml version="1.0" encoding="UTF-8"?>
<!-- Generated by org.testng.reporters.JUnitReportReporter -->
<testsuite hostname="DESKTOP-EJHAJJ4" failures="0" tests="1" name="testng.SampleTestForScreenShot" time="13.025" errors="0" timestamp="2025-09-08T15:48:48 IST" skipped="0">
  <testcase classname="testng.SampleTestForScreenShot" name="amazonTest" time="13.025"/>
</testsuite> <!-- testng.SampleTestForScreenShot -->
