<?xml version="1.0" encoding="UTF-8"?>
<!-- Generated by org.testng.reporters.JUnitReportReporter -->
<testsuite hostname="DESKTOP-EJHAJJ4" failures="0" tests="1" name="pom.SampleTestWithPOM" time="6.363" errors="0" timestamp="2025-08-29T13:21:55 IST" skipped="0">
  <testcase classname="pom.SampleTestWithPOM" name="SampleTest" time="6.363"/>
</testsuite> <!-- pom.SampleTestWithPOM -->
