<?xml version="1.0" encoding="UTF-8"?>
<!-- Generated by org.testng.reporters.JUnitReportReporter -->
<testsuite hostname="DESKTOP-EJHAJJ4" failures="0" tests="1" name="pom.CreateNewContactTest" time="16.901" errors="0" timestamp="2025-08-31T19:44:26 IST" skipped="0">
  <testcase classname="pom.CreateNewContactTest" name="createNewContact" time="16.901"/>
</testsuite> <!-- pom.CreateNewContactTest -->
