<?xml version="1.0" encoding="UTF-8"?>
<!-- Generated by org.testng.reporters.JUnitReportReporter -->
<testsuite hostname="DESKTOP-EJHAJJ4" failures="0" tests="1" name="brokenlinksandcalender.IRCTC" time="20.334" errors="0" timestamp="2025-08-28T17:53:12 IST" skipped="0">
  <testcase classname="brokenlinksandcalender.IRCTC" name="handleCalenderPopup" time="20.334"/>
</testsuite> <!-- brokenlinksandcalender.IRCTC -->
