<?xml version="1.0" encoding="UTF-8"?>
<!-- Generated by org.testng.reporters.JUnitReportReporter -->
<testsuite hostname="DESKTOP-EJHAJJ4" failures="0" tests="1" name="brokenlinksandcalender.BrokenLinksSBI" time="82.316" errors="0" timestamp="2025-08-28T11:54:37 IST" skipped="0">
  <testcase classname="brokenlinksandcalender.BrokenLinksSBI" name="handleBrokenLinksTest" time="82.316"/>
</testsuite> <!-- brokenlinksandcalender.BrokenLinksSBI -->
