<?xml version="1.0" encoding="UTF-8"?>
<!-- Generated by org.testng.reporters.JUnitReportReporter -->
<testsuite hostname="DESKTOP-EJHAJJ4" failures="0" tests="1" name="pom.CreateOrganizationWithIndustryTest" time="15.940" errors="0" timestamp="2025-08-29T16:48:40 IST" skipped="0">
  <testcase classname="pom.CreateOrganizationWithIndustryTest" name="createOrgWithIndustry" time="15.940"/>
</testsuite> <!-- pom.CreateOrganizationWithIndustryTest -->
