<?xml version="1.0" encoding="UTF-8"?>
<!-- Generated by org.testng.reporters.JUnitReportReporter -->
<testsuite hostname="DESKTOP-EJHAJJ4" failures="0" tests="1" name="brokenlinksandcalender.BrokenLinks" time="402.767" errors="0" timestamp="2025-08-28T11:47:48 IST" skipped="0">
  <testcase classname="brokenlinksandcalender.BrokenLinks" name="handleBrokenLinksTest" time="402.767"/>
</testsuite> <!-- brokenlinksandcalender.BrokenLinks -->
