<?xml version="1.0" encoding="UTF-8"?>
<!-- Generated by org.testng.reporters.JUnitReportReporter -->
<testsuite hostname="DESKTOP-EJHAJJ4" failures="0" tests="4" name="task.Task" time="0.020" errors="0" timestamp="2025-09-18T11:55:31 IST" skipped="0">
  <testcase classname="task.Task" name="test2" time="0.004"/>
  <testcase classname="task.Task" name="test3" time="0.003"/>
  <testcase classname="task.Task" name="test1" time="0.009"/>
  <testcase classname="task.Task" name="test4" time="0.004"/>
</testsuite> <!-- task.Task -->
