<?xml version="1.0" encoding="UTF-8"?>
<!-- Generated by org.testng.reporters.JUnitReportReporter -->
<testsuite hostname="DESKTOP-EJHAJJ4" failures="0" tests="3" name="extent_report.CreateContactWithExtentReport" time="32.568" errors="0" timestamp="2025-09-10T16:08:39 IST" skipped="0">
  <testcase classname="extent_report.CreateContactWithExtentReport" name="createContactWithSupportDate" time="12.768"/>
  <testcase classname="extent_report.CreateContactWithExtentReport" name="createContactWithOrg" time="12.343"/>
  <testcase classname="extent_report.CreateContactWithExtentReport" name="createContact" time="7.457"/>
</testsuite> <!-- extent_report.CreateContactWithExtentReport -->
