<?xml version="1.0" encoding="UTF-8"?>
<!-- Generated by org.testng.reporters.JUnitReportReporter -->
<testsuite hostname="DESKTOP-EJHAJJ4" failures="0" tests="1" name="com.comcast.crm.orgtest.DeleteOrgTest" time="17.309" errors="0" timestamp="2025-08-29T16:07:29 IST" skipped="0">
  <testcase classname="com.comcast.crm.orgtest.DeleteOrgTest" name="orgPage" time="17.309"/>
</testsuite> <!-- com.comcast.crm.orgtest.DeleteOrgTest -->
