<?xml version="1.0" encoding="UTF-8"?>
<!-- Generated by org.testng.reporters.JUnitReportReporter -->
<testsuite hostname="DESKTOP-EJHAJJ4" failures="0" tests="3" name="testng.CreateContact_DP_Test" time="0.015" errors="0" timestamp="2025-09-02T15:52:40 IST" skipped="0">
  <testcase classname="testng.CreateContact_DP_Test" name="createContactTest" time="0.001"/>
  <testcase classname="testng.CreateContact_DP_Test" name="createContactTest" time="0.002"/>
  <testcase classname="testng.CreateContact_DP_Test" name="createContactTest" time="0.012"/>
</testsuite> <!-- testng.CreateContact_DP_Test -->
