<?xml version="1.0" encoding="UTF-8"?>
<!-- Generated by org.testng.reporters.JUnitReportReporter -->
<testsuite hostname="DESKTOP-EJHAJJ4" failures="0" tests="1" name="mock1DemoWebShop" time="18.961" errors="0" timestamp="2025-09-18T17:26:21 IST" skipped="0">
  <testcase classname="mock1DemoWebShop" name="books" time="18.961"/>
</testsuite> <!-- mock1DemoWebShop -->
