<?xml version="1.0" encoding="UTF-8"?>
<!-- Generated by org.testng.reporters.JUnitReportReporter -->
<testsuite hostname="DESKTOP-EJHAJJ4" failures="0" tests="3" name="testng.ReportTest" time="0.019" errors="0" timestamp="2025-09-09T15:59:17 IST" skipped="0">
  <testcase classname="testng.ReportTest" name="createContactTest" time="0.014"/>
  <testcase classname="testng.ReportTest" name="createContactWithOrgTest" time="0.002"/>
  <testcase classname="testng.ReportTest" name="createContactWithPhNumTest" time="0.003"/>
</testsuite> <!-- testng.ReportTest -->
