<?xml version="1.0" encoding="UTF-8"?>
<!-- Generated by org.testng.reporters.JUnitReportReporter -->
<testsuite hostname="DESKTOP-EJHAJJ4" failures="0" tests="1" name="pom.CreateNewTicketTest" time="13.596" errors="0" timestamp="2025-09-01T15:31:58 IST" skipped="0">
  <testcase classname="pom.CreateNewTicketTest" name="createTicket" time="13.596"/>
</testsuite> <!-- pom.CreateNewTicketTest -->
