<?xml version="1.0" encoding="UTF-8"?>
<!-- Generated by org.testng.reporters.JUnitReportReporter -->
<testsuite hostname="DESKTOP-EJHAJJ4" failures="0" tests="1" name="pom.CreateNewOpportunityTest" time="23.196" errors="0" timestamp="2025-09-01T15:30:32 IST" skipped="0">
  <testcase classname="pom.CreateNewOpportunityTest" name="createNewOpportunity" time="23.196"/>
</testsuite> <!-- pom.CreateNewOpportunityTest -->
