<?xml version="1.0" encoding="UTF-8"?>
<!-- Generated by org.testng.reporters.JUnitReportReporter -->
<testsuite hostname="DESKTOP-EJHAJJ4" failures="0" tests="1" name="brokenlinksandcalender.CalenderPopupRedBus" time="11.591" errors="0" timestamp="2025-08-28T16:21:23 IST" skipped="0">
  <testcase classname="brokenlinksandcalender.CalenderPopupRedBus" name="handleCalenderPopupTest" time="11.591"/>
</testsuite> <!-- brokenlinksandcalender.CalenderPopupRedBus -->
