<?xml version="1.0" encoding="UTF-8"?>
<!-- Generated by org.testng.reporters.JUnitReportReporter -->
<testsuite hostname="DESKTOP-EJHAJJ4" failures="0" tests="1" name="pom.CreateOrganizationTest" time="16.468" errors="0" timestamp="2025-08-29T12:27:49 IST" skipped="0">
  <testcase classname="pom.CreateOrganizationTest" name="orgPage" time="16.468"/>
</testsuite> <!-- pom.CreateOrganizationTest -->
