<?xml version="1.0" encoding="UTF-8"?>
<!-- Generated by org.testng.reporters.JUnitReportReporter -->
<testsuite hostname="DESKTOP-EJHAJJ4" failures="0" tests="1" name="pom.CreateContactTest" time="15.069" errors="0" timestamp="2025-08-30T11:09:35 IST" skipped="0">
  <testcase classname="pom.CreateContactTest" name="createContact" time="15.069"/>
</testsuite> <!-- pom.CreateContactTest -->
