<?xml version="1.0" encoding="UTF-8"?>
<!-- Generated by org.testng.reporters.JUnitReportReporter -->
<testsuite hostname="DESKTOP-EJHAJJ4" failures="0" tests="1" name="pom.CreateNewDocumentTest" time="15.567" errors="0" timestamp="2025-09-01T15:31:16 IST" skipped="0">
  <testcase classname="pom.CreateNewDocumentTest" name="createNewDocument" time="15.567"/>
</testsuite> <!-- pom.CreateNewDocumentTest -->
