<?xml version="1.0" encoding="UTF-8"?>
<!-- Generated by org.testng.reporters.JUnitReportReporter -->
<testsuite hostname="DESKTOP-EJHAJJ4" failures="0" tests="3" name="testng.GetProductInfoInAmazonTest" time="46.694" errors="0" timestamp="2025-09-03T16:25:47 IST" skipped="0">
  <testcase classname="testng.GetProductInfoInAmazonTest" name="getProductInfoTest" time="14.947"/>
  <testcase classname="testng.GetProductInfoInAmazonTest" name="getProductInfoTest" time="14.260"/>
  <testcase classname="testng.GetProductInfoInAmazonTest" name="getProductInfoTest" time="17.487"/>
</testsuite> <!-- testng.GetProductInfoInAmazonTest -->
