<?xml version="1.0" encoding="UTF-8"?>
<!-- Generated by org.testng.reporters.JUnitReportReporter -->
<testsuite hostname="DESKTOP-EJHAJJ4" failures="0" tests="1" name="pom.CreateContactWithSupportDateTest" time="17.263" errors="0" timestamp="2025-08-30T11:40:20 IST" skipped="0">
  <testcase classname="pom.CreateContactWithSupportDateTest" name="createContactWithSupportDate" time="17.263"/>
</testsuite> <!-- pom.CreateContactWithSupportDateTest -->
