<?xml version="1.0" encoding="UTF-8"?>
<!-- Generated by org.testng.reporters.JUnitReportReporter -->
<testsuite hostname="DESKTOP-EJHAJJ4" failures="0" tests="1" name="brokenlinksandcalender.KSRTC" time="15.841" errors="0" timestamp="2025-08-28T18:26:04 IST" skipped="0">
  <testcase classname="brokenlinksandcalender.KSRTC" name="handleCalenderPopup" time="15.841"/>
</testsuite> <!-- brokenlinksandcalender.KSRTC -->
