<?xml version="1.0" encoding="UTF-8"?>
<!-- Generated by org.testng.reporters.JUnitReportReporter -->
<testsuite hostname="DESKTOP-EJHAJJ4" failures="0" tests="1" name="pom.CreateContactWithOrgTest" time="19.691" errors="0" timestamp="2025-08-30T12:34:34 IST" skipped="0">
  <testcase classname="pom.CreateContactWithOrgTest" name="createContactWithOrg" time="19.691"/>
</testsuite> <!-- pom.CreateContactWithOrgTest -->
