<?xml version="1.0" encoding="UTF-8"?>
<!-- Generated by org.testng.reporters.JUnitReportReporter -->
<testsuite hostname="DESKTOP-EJHAJJ4" failures="0" tests="1" name="brokenlinksandcalender.BrokenLinksRBI" time="120.448" errors="0" timestamp="2025-08-28T12:00:58 IST" skipped="0">
  <testcase classname="brokenlinksandcalender.BrokenLinksRBI" name="handleBrokenLinksTest" time="120.448"/>
</testsuite> <!-- brokenlinksandcalender.BrokenLinksRBI -->
