<?xml version="1.0" encoding="UTF-8"?>
<!-- Generated by org.testng.reporters.JUnitReportReporter -->
<testsuite hostname="DESKTOP-EJHAJJ4" failures="0" tests="4" name="extent_report.CreateOrganizationTestExtentReport" time="49.983" errors="0" timestamp="2025-09-10T16:08:39 IST" skipped="0">
  <testcase classname="extent_report.CreateOrganizationTestExtentReport" name="createOrgWithIndustry" time="15.538"/>
  <testcase classname="extent_report.CreateOrganizationTestExtentReport" name="deleteOrgTest" time="10.263"/>
  <testcase classname="extent_report.CreateOrganizationTestExtentReport" name="createOrgWithPhoneNumber" time="18.120"/>
  <testcase classname="extent_report.CreateOrganizationTestExtentReport" name="orgPage" time="6.062"/>
</testsuite> <!-- extent_report.CreateOrganizationTestExtentReport -->
