<?xml version="1.0" encoding="UTF-8"?>
<!-- Generated by org.testng.reporters.JUnitReportReporter -->
<testsuite hostname="DESKTOP-EJHAJJ4" failures="0" tests="1" name="pom.CreateNewProductTest" time="15.296" errors="0" timestamp="2025-09-01T15:31:37 IST" skipped="0">
  <testcase classname="pom.CreateNewProductTest" name="createNewContact" time="15.296"/>
</testsuite> <!-- pom.CreateNewProductTest -->
