<?xml version="1.0" encoding="UTF-8"?>
<!-- Generated by org.testng.reporters.JUnitReportReporter -->
<testsuite hostname="DESKTOP-EJHAJJ4" failures="0" tests="4" name="com.crm.comcast.crm.basetest.CreateOrganizationTestExtentReport" time="38.149" errors="0" timestamp="2025-09-10T12:38:38 IST" skipped="0">
  <testcase classname="com.crm.comcast.crm.basetest.CreateOrganizationTestExtentReport" name="createOrgWithPhoneNumber" time="9.316"/>
  <testcase classname="com.crm.comcast.crm.basetest.CreateOrganizationTestExtentReport" name="createOrgWithIndustry" time="8.939"/>
  <testcase classname="com.crm.comcast.crm.basetest.CreateOrganizationTestExtentReport" name="orgPage" time="7.783"/>
  <testcase classname="com.crm.comcast.crm.basetest.CreateOrganizationTestExtentReport" name="deleteOrgTest" time="12.111"/>
</testsuite> <!-- com.crm.comcast.crm.basetest.CreateOrganizationTestExtentReport -->
