<?xml version="1.0" encoding="UTF-8"?>
<!-- Generated by org.testng.reporters.JUnitReportReporter -->
<testsuite hostname="DESKTOP-EJHAJJ4" failures="0" tests="1" name="pom.CreateNewCampaignTest" time="14.963" errors="0" timestamp="2025-09-01T15:30:54 IST" skipped="0">
  <testcase classname="pom.CreateNewCampaignTest" name="createNewCampaign" time="14.963"/>
</testsuite> <!-- pom.CreateNewCampaignTest -->
