<?xml version="1.0" encoding="UTF-8"?>
<!-- Generated by org.testng.reporters.JUnitReportReporter -->
<testsuite hostname="DESKTOP-EJHAJJ4" failures="0" tests="1" name="testng.AttatchScreenshotToExtentReport" time="5.478" errors="0" timestamp="2025-09-09T16:38:10 IST" skipped="0">
  <testcase classname="testng.AttatchScreenshotToExtentReport" name="createContactTest" time="5.478"/>
</testsuite> <!-- testng.AttatchScreenshotToExtentReport -->
