<?xml version="1.0" encoding="UTF-8"?>
<!-- Generated by org.testng.reporters.JUnitReportReporter -->
<testsuite hostname="DESKTOP-EJHAJJ4" failures="0" tests="4" name="annotations.ConfigurationAnnotations" time="0.018" errors="0" timestamp="2025-09-03T19:23:55 IST" skipped="1">
  <testcase classname="annotations.ConfigurationAnnotations" name="Test1" time="0.003"/>
  <testcase classname="annotations.ConfigurationAnnotations" name="Test1" time="0.010"/>
  <testcase classname="annotations.ConfigurationAnnotations" name="Test1" time="0.005"/>
  <testcase classname="annotations.ConfigurationAnnotations" name="Test2">
    <skipped/>
  </testcase> <!-- Test2 -->
</testsuite> <!-- annotations.ConfigurationAnnotations -->
