<?xml version="1.0" encoding="UTF-8"?>
<!-- Generated by org.testng.reporters.JUnitReportReporter -->
<testsuite hostname="DESKTOP-EJHAJJ4" failures="0" tests="1" name="pom.CreateOrganizationWithPhoneNumberTest" time="18.803" errors="0" timestamp="2025-08-30T10:25:32 IST" skipped="0">
  <testcase classname="pom.CreateOrganizationWithPhoneNumberTest" name="createOrgWithPhoneNumber" time="18.803"/>
</testsuite> <!-- pom.CreateOrganizationWithPhoneNumberTest -->
