<?xml version="1.0" encoding="UTF-8"?>
<!-- Generated by org.testng.reporters.JUnitReportReporter -->
<testsuite hostname="DESKTOP-EJHAJJ4" failures="0" tests="1" name="extent_report.CreateNewProductTest" time="13.183" errors="0" timestamp="2025-09-10T16:08:39 IST" skipped="0">
  <testcase classname="extent_report.CreateNewProductTest" name="createNewContact" time="13.183"/>
</testsuite> <!-- extent_report.CreateNewProductTest -->
